<?xml version="1.0" encoding="UTF-8"?>
<!-- Generated by org.testng.reporters.JUnitXMLReporter -->
<testsuite ignored="0" hostname="LAPTOP-FE1NH1M6" failures="0" tests="3" name="Default test" time="15.95" errors="0" timestamp="2026-03-25T14:05:04 CET">
  <testcase classname="tests.CommonUITest" name="verifyHeaderAndFooter" time="3.012"/>
  <testcase classname="tests.CommonUITest" name="verifyNavigationLinks" time="0.947"/>
  <testcase classname="tests.CommonUITest" name="verifyResponsiveLayout" time="1.717"/>
</testsuite> <!-- Default test -->
