<?xml version="1.0" encoding="UTF-8"?>
<!-- Generated by org.testng.reporters.JUnitXMLReporter -->
<testsuite ignored="0" hostname="LAPTOP-FE1NH1M6" failures="0" tests="31" name="Test" time="183.07" errors="0" timestamp="2026-03-25T14:13:02 CET">
  <testcase classname="tests.CheckoutTest" name="testFullCheckoutHappyFlow" time="3.794"/>
  <testcase classname="tests.CheckoutTest" name="testCancelCheckout" time="0.107"/>
  <testcase classname="tests.CheckoutTest" name="testBlankMandatoryFields" time="0.37"/>
  <testcase classname="tests.CheckoutTest" name="testMissingFirstName" time="0.398"/>
  <testcase classname="tests.CheckoutTest" name="testMissingLastName" time="0.367"/>
  <testcase classname="tests.CheckoutTest" name="testMissingZipCode" time="0.466"/>
  <testcase classname="tests.CheckoutTest" name="testInvalidZipFormat" time="0.417"/>
  <testcase classname="tests.ShoppingCartTest" name="testAddToCart" time="0.025"/>
  <testcase classname="tests.ShoppingCartTest" name="testUpdateQuantityAndTotal" time="1.224"/>
  <testcase classname="tests.ShoppingCartTest" name="testFavorites" time="0.013"/>
  <testcase classname="tests.ShoppingCartTest" name="testRemoveItem" time="0.733"/>
  <testcase classname="tests.ShoppingCartTest" name="testContinueShopping" time="0.619"/>
  <testcase classname="tests.ShoppingCartTest" name="testProceedToCheckout" time="1.143"/>
  <testcase classname="tests.CommonUITest" name="verifyHeaderAndFooter" time="2.883"/>
  <testcase classname="tests.CommonUITest" name="verifyNavigationLinks" time="0.906"/>
  <testcase classname="tests.CommonUITest" name="verifyResponsiveLayout" time="1.71"/>
  <testcase classname="tests.ProductTest" name="verifyProductListing" time="0.028"/>
  <testcase classname="tests.ProductTest" name="verifyProductDetails" time="2.298"/>
  <testcase classname="tests.ProductTest" name="sortNameAscending" time="2.178"/>
  <testcase classname="tests.ProductTest" name="sortNameDescending" time="2.122"/>
  <testcase classname="tests.ProductTest" name="sortPriceLowToHigh" time="2.18"/>
  <testcase classname="tests.ProductTest" name="sortPriceHighToLow" time="2.118"/>
  <testcase classname="tests.ProductTest" name="verifyAddingMultipleProducts" time="2.238"/>
  <testcase classname="tests.ProductTest" name="verifyFavoriteToggle" time="2.226"/>
  <testcase classname="tests.LoginTest" name="validLoginTest1" time="1.418"/>
  <testcase classname="tests.LoginTest" name="validLoginTest2" time="0.896"/>
  <testcase classname="tests.LoginTest" name="validLoginTest3" time="0.874"/>
  <testcase classname="tests.LoginTest" name="invalidUsernameTest" time="1.948"/>
  <testcase classname="tests.LoginTest" name="invalidPasswordTest" time="2.006"/>
  <testcase classname="tests.LoginTest" name="emptyFieldsTest" time="1.561"/>
  <testcase classname="tests.LoginTest" name="sessionPersistenceTest" time="1.363"/>
</testsuite> <!-- Test -->
