<?xml version="1.0" encoding="UTF-8"?>
<!-- Generated by org.testng.reporters.JUnitReportReporter -->
<testsuite hostname="LAPTOP-FE1NH1M6" failures="0" tests="8" name="tests.ProductTest" time="41.719" errors="0" timestamp="2026-03-25T14:13:03 CET" skipped="0">
  <testcase classname="tests.ProductTest" name="verifyProductListing" time="3.131"/>
  <testcase classname="tests.ProductTest" name="verifyProductDetails" time="5.501"/>
  <testcase classname="tests.ProductTest" name="sortNameAscending" time="5.909"/>
  <testcase classname="tests.ProductTest" name="sortNameDescending" time="5.288"/>
  <testcase classname="tests.ProductTest" name="sortPriceLowToHigh" time="5.322"/>
  <testcase classname="tests.ProductTest" name="sortPriceHighToLow" time="5.237"/>
  <testcase classname="tests.ProductTest" name="verifyAddingMultipleProducts" time="5.928"/>
  <testcase classname="tests.ProductTest" name="verifyFavoriteToggle" time="5.403"/>
</testsuite> <!-- tests.ProductTest -->
