<?xml version="1.0" encoding="UTF-8"?>
<!-- Generated by org.testng.reporters.JUnitReportReporter -->
<testsuite hostname="LAPTOP-FE1NH1M6" failures="0" tests="7" name="tests.CheckoutTest" time="55.159" errors="0" timestamp="2026-03-25T14:13:03 CET" skipped="0">
  <testcase classname="tests.CheckoutTest" name="testFullCheckoutHappyFlow" time="10.414"/>
  <testcase classname="tests.CheckoutTest" name="testCancelCheckout" time="6.684"/>
  <testcase classname="tests.CheckoutTest" name="testBlankMandatoryFields" time="7.028"/>
  <testcase classname="tests.CheckoutTest" name="testMissingFirstName" time="8.998"/>
  <testcase classname="tests.CheckoutTest" name="testMissingLastName" time="7.270"/>
  <testcase classname="tests.CheckoutTest" name="testMissingZipCode" time="7.137"/>
  <testcase classname="tests.CheckoutTest" name="testInvalidZipFormat" time="7.628"/>
</testsuite> <!-- tests.CheckoutTest -->
