<?xml version="1.0" encoding="UTF-8"?>
<!-- Generated by org.testng.reporters.JUnitReportReporter -->
<testsuite hostname="LAPTOP-FE1NH1M6" failures="0" tests="6" name="tests.ShoppingCartTest" time="46.093" errors="0" timestamp="2026-03-25T14:13:03 CET" skipped="0">
  <testcase classname="tests.ShoppingCartTest" name="testAddToCart" time="6.959"/>
  <testcase classname="tests.ShoppingCartTest" name="testUpdateQuantityAndTotal" time="8.026"/>
  <testcase classname="tests.ShoppingCartTest" name="testFavorites" time="7.435"/>
  <testcase classname="tests.ShoppingCartTest" name="testRemoveItem" time="8.224"/>
  <testcase classname="tests.ShoppingCartTest" name="testContinueShopping" time="7.501"/>
  <testcase classname="tests.ShoppingCartTest" name="testProceedToCheckout" time="7.948"/>
</testsuite> <!-- tests.ShoppingCartTest -->
