<?xml version="1.0" encoding="UTF-8"?>
<!-- Generated by org.testng.reporters.JUnitReportReporter -->
<testsuite hostname="LAPTOP-FE1NH1M6" failures="0" tests="7" name="tests.LoginTest" time="25.671" errors="0" timestamp="2026-03-25T14:13:03 CET" skipped="0">
  <testcase classname="tests.LoginTest" name="validLoginTest1" time="3.613"/>
  <testcase classname="tests.LoginTest" name="validLoginTest2" time="3.118"/>
  <testcase classname="tests.LoginTest" name="validLoginTest3" time="3.191"/>
  <testcase classname="tests.LoginTest" name="invalidUsernameTest" time="4.131"/>
  <testcase classname="tests.LoginTest" name="invalidPasswordTest" time="4.190"/>
  <testcase classname="tests.LoginTest" name="emptyFieldsTest" time="3.855"/>
  <testcase classname="tests.LoginTest" name="sessionPersistenceTest" time="3.573"/>
</testsuite> <!-- tests.LoginTest -->
