<?xml version="1.0" encoding="UTF-8"?>
<!-- Generated by org.testng.reporters.JUnitReportReporter -->
<testsuite hostname="LAPTOP-FE1NH1M6" failures="0" tests="3" name="tests.CommonUITest" time="14.294" errors="0" timestamp="2026-03-25T14:13:03 CET" skipped="0">
  <testcase classname="tests.CommonUITest" name="verifyHeaderAndFooter" time="5.066"/>
  <testcase classname="tests.CommonUITest" name="verifyNavigationLinks" time="5.224"/>
  <testcase classname="tests.CommonUITest" name="verifyResponsiveLayout" time="4.004"/>
</testsuite> <!-- tests.CommonUITest -->
